<?xml version="1.0" encoding="UTF-8"?>
<!-- Generated by org.testng.reporters.JUnitReportReporter -->
<testsuite skipped="0" hostname="Josephs-MacBoo.local" name="com.fbistech.testcases.CompanyPageTest" tests="1" failures="0" timestamp="2021-01-21T20:47:52 WAT" time="15.345" errors="0">
  <testcase name="verifyUserCanClickCompanyLink" time="15.345" classname="com.fbistech.testcases.CompanyPageTest"/>
  <system-out/>
</testsuite> <!-- com.fbistech.testcases.CompanyPageTest -->
