<?xml version="1.0" encoding="UTF-8"?>
<!-- Generated by org.testng.reporters.JUnitReportReporter -->
<testsuite skipped="0" hostname="Josephs-MacBoo.local" name="com.fbistech.testcases.SponsorPageTest" tests="5" failures="0" timestamp="2021-02-03T01:12:38 WAT" time="49.722" errors="0">
  <testcase name="verifySponsorPageTitleTest" time="8.376" classname="com.fbistech.testcases.SponsorPageTest"/>
  <system-out/>
  <testcase name="verifyUserCanClickSponsorFormBtn" time="11.522" classname="com.fbistech.testcases.SponsorPageTest"/>
  <system-out/>
  <testcase name="verifyUserCanFillSponsorForm" time="11.806" classname="com.fbistech.testcases.SponsorPageTest"/>
  <system-out/>
  <testcase name="verifyCountryDropdownValue" time="8.981" classname="com.fbistech.testcases.SponsorPageTest"/>
  <system-out/>
  <testcase name="verifyCityDropdownValue" time="9.037" classname="com.fbistech.testcases.SponsorPageTest"/>
  <system-out/>
</testsuite> <!-- com.fbistech.testcases.SponsorPageTest -->
