<?xml version="1.0" encoding="UTF-8"?>
<!-- Generated by org.testng.reporters.JUnitReportReporter -->
<testsuite skipped="0" hostname="Josephs-MacBoo.local" name="com.fbistech.testcases.LoginPageTest" tests="17" failures="0" timestamp="2021-11-07T00:05:51 WAT" time="545.345" errors="1">
  <testcase name="verifyUserCanClickOnLoginLink" time="28.150" classname="com.fbistech.testcases.LoginPageTest"/>
  <system-out/>
  <testcase name="verifyUserCanLoginWith_ValideCredentials" time="58.692" classname="com.fbistech.testcases.LoginPageTest"/>
  <system-out/>
  <testcase name="verifyUserCannotLoginWith_InvalideCredentials" time="28.672" classname="com.fbistech.testcases.LoginPageTest"/>
  <system-out/>
  <testcase name="verifyUserCannotLoginWith_ValidEmail_InvalidPassword" time="34.122" classname="com.fbistech.testcases.LoginPageTest"/>
  <system-out/>
  <testcase name="verifyUserCannotLoginWith_InvalidEmail_ValidPassword" time="41.991" classname="com.fbistech.testcases.LoginPageTest"/>
  <system-out/>
  <testcase name="verifyUserCannotLoginWith_EmailWithoutDomaName_AndValidPassword" time="41.303" classname="com.fbistech.testcases.LoginPageTest"/>
  <system-out/>
  <testcase name="verifyUserCannotLoginWith_EmptyEmail_AndValidPassword" time="40.036" classname="com.fbistech.testcases.LoginPageTest"/>
  <system-out/>
  <testcase name="verifyUserCannotLoginWith_ValidEmail_EmptyPassword" time="35.327" classname="com.fbistech.testcases.LoginPageTest"/>
  <system-out/>
  <testcase name="verifyUserCannotLoginWith_PasswordLessThan6DigitsCharacters" time="26.005" classname="com.fbistech.testcases.LoginPageTest"/>
  <system-out/>
  <testcase name="verifyUserCanClickForgotPasswordLink" time="17.294" classname="com.fbistech.testcases.LoginPageTest"/>
  <system-out/>
  <testcase name="verifyUserCanTerminateForgotPasswordProcess" time="20.375" classname="com.fbistech.testcases.LoginPageTest"/>
  <system-out/>
  <testcase name="verifyUserCanResetForgetPassword" time="29.098" classname="com.fbistech.testcases.LoginPageTest"/>
  <system-out/>
  <testcase name="verifyUserCannotResetForgetPasswordWithEmailWithoutServerHostName" time="38.266" classname="com.fbistech.testcases.LoginPageTest">
    <error type="org.openqa.selenium.NoSuchElementException" message="no such element: Unable to locate element: {&quot;method&quot;:&quot;xpath&quot;,&quot;selector&quot;:&quot;//li[@class=&#039;chakra-toast&#039;]//div[@id=&#039;12&#039;]//*[@class=&#039;chakra-icon css-onkibi&#039;]&quot;}
  (Session info: chrome=95.0.4638.69)
For documentation on this error, please visit: https://www.seleniumhq.org/exceptions/no_such_element.html
Build info: version: &#039;3.141.59&#039;, revision: &#039;e82be7d358&#039;, time: &#039;2018-11-14T08:25:53&#039;
System info: host: &#039;Josephs-MacBoo.local&#039;, ip: &#039;fd00:0:0:1:f8a7:4d18:97e9:8a03%en0&#039;, os.name: &#039;Mac OS X&#039;, os.arch: &#039;x86_64&#039;, os.version: &#039;10.15.7&#039;, java.version: &#039;1.8.0_241&#039;
Driver info: org.openqa.selenium.chrome.ChromeDriver
Capabilities {acceptInsecureCerts: false, browserName: chrome, browserVersion: 95.0.4638.69, chrome: {chromedriverVersion: 95.0.4638.54 (d31a821ec901f..., userDataDir: /var/folders/j4/j04gn4bj1dl...}, goog:chromeOptions: {debuggerAddress: localhost:58570}, javascriptEnabled: true, networkConnectionEnabled: false, pageLoadStrategy: normal, platform: MAC, platformName: MAC, proxy: Proxy(), setWindowRect: true, strictFileInteractability: false, timeouts: {implicit: 0, pageLoad: 300000, script: 30000}, unhandledPromptBehavior: dismiss and notify, webauthn:extension:credBlob: true, webauthn:extension:largeBlob: true, webauthn:virtualAuthenticators: true}
Session ID: 2789ef781ff2230124cb660f2f6317db
*** Element info: {Using=xpath, value=//li[@class=&#039;chakra-toast&#039;]//div[@id=&#039;12&#039;]//*[@class=&#039;chakra-icon css-onkibi&#039;]}">
      <![CDATA[org.openqa.selenium.NoSuchElementException: no such element: Unable to locate element: {"method":"xpath","selector":"//li[@class='chakra-toast']//div[@id='12']//*[@class='chakra-icon css-onkibi']"}
  (Session info: chrome=95.0.4638.69)
For documentation on this error, please visit: https://www.seleniumhq.org/exceptions/no_such_element.html
Build info: version: '3.141.59', revision: 'e82be7d358', time: '2018-11-14T08:25:53'
System info: host: 'Josephs-MacBoo.local', ip: 'fd00:0:0:1:f8a7:4d18:97e9:8a03%en0', os.name: 'Mac OS X', os.arch: 'x86_64', os.version: '10.15.7', java.version: '1.8.0_241'
Driver info: org.openqa.selenium.chrome.ChromeDriver
Capabilities {acceptInsecureCerts: false, browserName: chrome, browserVersion: 95.0.4638.69, chrome: {chromedriverVersion: 95.0.4638.54 (d31a821ec901f..., userDataDir: /var/folders/j4/j04gn4bj1dl...}, goog:chromeOptions: {debuggerAddress: localhost:58570}, javascriptEnabled: true, networkConnectionEnabled: false, pageLoadStrategy: normal, platform: MAC, platformName: MAC, proxy: Proxy(), setWindowRect: true, strictFileInteractability: false, timeouts: {implicit: 0, pageLoad: 300000, script: 30000}, unhandledPromptBehavior: dismiss and notify, webauthn:extension:credBlob: true, webauthn:extension:largeBlob: true, webauthn:virtualAuthenticators: true}
Session ID: 2789ef781ff2230124cb660f2f6317db
*** Element info: {Using=xpath, value=//li[@class='chakra-toast']//div[@id='12']//*[@class='chakra-icon css-onkibi']}
at sun.reflect.NativeConstructorAccessorImpl.newInstance0(Native Method)
at sun.reflect.NativeConstructorAccessorImpl.newInstance(NativeConstructorAccessorImpl.java:62)
at sun.reflect.DelegatingConstructorAccessorImpl.newInstance(DelegatingConstructorAccessorImpl.java:45)
at java.lang.reflect.Constructor.newInstance(Constructor.java:423)
at org.openqa.selenium.remote.http.W3CHttpResponseCodec.createException(W3CHttpResponseCodec.java:187)
at org.openqa.selenium.remote.http.W3CHttpResponseCodec.decode(W3CHttpResponseCodec.java:122)
at org.openqa.selenium.remote.http.W3CHttpResponseCodec.decode(W3CHttpResponseCodec.java:49)
at org.openqa.selenium.remote.HttpCommandExecutor.execute(HttpCommandExecutor.java:158)
at org.openqa.selenium.remote.service.DriverCommandExecutor.execute(DriverCommandExecutor.java:83)
at org.openqa.selenium.remote.RemoteWebDriver.execute(RemoteWebDriver.java:552)
at org.openqa.selenium.remote.RemoteWebDriver.findElement(RemoteWebDriver.java:323)
at org.openqa.selenium.remote.RemoteWebDriver.findElementByXPath(RemoteWebDriver.java:428)
at org.openqa.selenium.By$ByXPath.findElement(By.java:353)
at org.openqa.selenium.remote.RemoteWebDriver.findElement(RemoteWebDriver.java:315)
at sun.reflect.GeneratedMethodAccessor3.invoke(Unknown Source)
at sun.reflect.DelegatingMethodAccessorImpl.invoke(DelegatingMethodAccessorImpl.java:43)
at java.lang.reflect.Method.invoke(Method.java:498)
at org.openqa.selenium.support.events.EventFiringWebDriver.lambda$new$1(EventFiringWebDriver.java:105)
at com.sun.proxy.$Proxy8.findElement(Unknown Source)
at org.openqa.selenium.support.events.EventFiringWebDriver.findElement(EventFiringWebDriver.java:194)
at org.openqa.selenium.support.pagefactory.DefaultElementLocator.findElement(DefaultElementLocator.java:69)
at org.openqa.selenium.support.pagefactory.internal.LocatingElementHandler.invoke(LocatingElementHandler.java:38)
at com.sun.proxy.$Proxy13.click(Unknown Source)
at com.fbistech.pages.LoginPage.validateClickOnCancel_EmailMustBeAValidEmailAddressErrorPromptBtn(LoginPage.java:307)
at com.fbistech.testcases.LoginPageTest.verifyUserCannotResetForgetPasswordWithEmailWithoutServerHostName(LoginPageTest.java:639)
at sun.reflect.NativeMethodAccessorImpl.invoke0(Native Method)
at sun.reflect.NativeMethodAccessorImpl.invoke(NativeMethodAccessorImpl.java:62)
at sun.reflect.DelegatingMethodAccessorImpl.invoke(DelegatingMethodAccessorImpl.java:43)
at java.lang.reflect.Method.invoke(Method.java:498)
at org.testng.internal.MethodInvocationHelper.invokeMethod(MethodInvocationHelper.java:133)
at org.testng.internal.TestInvoker.invokeMethod(TestInvoker.java:598)
at org.testng.internal.TestInvoker.invokeTestMethod(TestInvoker.java:173)
at org.testng.internal.MethodRunner.runInSequence(MethodRunner.java:46)
at org.testng.internal.TestInvoker$MethodInvocationAgent.invoke(TestInvoker.java:824)
at org.testng.internal.TestInvoker.invokeTestMethods(TestInvoker.java:146)
at org.testng.internal.TestMethodWorker.invokeTestMethods(TestMethodWorker.java:146)
at org.testng.internal.TestMethodWorker.run(TestMethodWorker.java:128)
at java.util.ArrayList.forEach(ArrayList.java:1257)
at org.testng.TestRunner.privateRun(TestRunner.java:794)
at org.testng.TestRunner.run(TestRunner.java:596)
at org.testng.SuiteRunner.runTest(SuiteRunner.java:377)
at org.testng.SuiteRunner.runSequentially(SuiteRunner.java:371)
at org.testng.SuiteRunner.privateRun(SuiteRunner.java:332)
at org.testng.SuiteRunner.run(SuiteRunner.java:276)
at org.testng.SuiteRunnerWorker.runSuite(SuiteRunnerWorker.java:53)
at org.testng.SuiteRunnerWorker.run(SuiteRunnerWorker.java:96)
at org.testng.TestNG.runSuitesSequentially(TestNG.java:1212)
at org.testng.TestNG.runSuitesLocally(TestNG.java:1134)
at org.testng.TestNG.runSuites(TestNG.java:1063)
at org.testng.TestNG.run(TestNG.java:1031)
at org.testng.remote.AbstractRemoteTestNG.run(AbstractRemoteTestNG.java:115)
at org.testng.remote.RemoteTestNG.initAndRun(RemoteTestNG.java:251)
at org.testng.remote.RemoteTestNG.main(RemoteTestNG.java:77)
]]>
    </error>
  </testcase> <!-- verifyUserCannotResetForgetPasswordWithEmailWithoutServerHostName -->
  <system-out/>
  <testcase name="verifyUserCannotResetForgetPasswordWithEmailWithoutDomainName" time="25.821" classname="com.fbistech.testcases.LoginPageTest"/>
  <system-out/>
  <testcase name="verifyUserCannotResetForgetPasswordWithEmptyInputField" time="30.302" classname="com.fbistech.testcases.LoginPageTest"/>
  <system-out/>
  <testcase name="verifyUserCanNavigateToTermsAndConditionsPage" time="21.917" classname="com.fbistech.testcases.LoginPageTest"/>
  <system-out/>
  <testcase name="verifyUserCanClickOnTermsAndConditionsLink" time="27.974" classname="com.fbistech.testcases.LoginPageTest"/>
  <system-out/>
</testsuite> <!-- com.fbistech.testcases.LoginPageTest -->
