<?xml version="1.0" encoding="UTF-8"?>
<!-- Generated by org.testng.reporters.JUnitReportReporter -->
<testsuite skipped="0" hostname="Josephs-MacBoo.local" name="com.fbistech.testcases.TutorPageTest" tests="2" failures="0" timestamp="2021-02-03T01:19:17 WAT" time="21.037" errors="0">
  <testcase name="verifyUserCanClickTutorFormBtn" time="9.087" classname="com.fbistech.testcases.TutorPageTest"/>
  <system-out/>
  <testcase name="verifyUserCanFillTutorForm" time="11.950" classname="com.fbistech.testcases.TutorPageTest"/>
  <system-out/>
</testsuite> <!-- com.fbistech.testcases.TutorPageTest -->
