<?xml version="1.0" encoding="UTF-8"?>
<!-- Generated by org.testng.reporters.JUnitReportReporter -->
<testsuite skipped="0" hostname="Josephs-MacBoo.local" name="com.fbistech.testcases.School_OrganizationPageTest" tests="3" failures="0" timestamp="2021-01-21T20:47:52 WAT" time="31.744" errors="0">
  <testcase name="verifyUserCanClickSponsorLink" time="8.666" classname="com.fbistech.testcases.School_OrganizationPageTest"/>
  <system-out/>
  <testcase name="verifyUserCanClickOnSchoolFormBtn" time="11.208" classname="com.fbistech.testcases.School_OrganizationPageTest"/>
  <system-out/>
  <testcase name="verifyUserCanFillSponsorForm" time="11.870" classname="com.fbistech.testcases.School_OrganizationPageTest"/>
  <system-out/>
</testsuite> <!-- com.fbistech.testcases.School_OrganizationPageTest -->
