<?xml version="1.0" encoding="UTF-8"?>
<!-- Generated by org.testng.reporters.JUnitReportReporter -->
<testsuite skipped="0" hostname="Josephs-MacBoo.local" name="com.fbistech.testcases.CoursesPageTest" tests="1" failures="0" timestamp="2021-01-21T20:47:52 WAT" time="13.874" errors="0">
  <testcase name="verifyUserCanClickCoursesLink" time="13.874" classname="com.fbistech.testcases.CoursesPageTest"/>
  <system-out/>
</testsuite> <!-- com.fbistech.testcases.CoursesPageTest -->
