<?xml version="1.0" encoding="UTF-8"?>
<!-- Generated by org.testng.reporters.JUnitReportReporter -->
<testsuite skipped="0" hostname="Josephs-MacBoo.local" name="com.fbistech.testcases.LoginPageTest" tests="1" failures="0" timestamp="2021-11-06T20:38:20 WAT" time="29.449" errors="0">
  <testcase name="verifyUserCannotResetForgetPasswordWithEmailWithoutDomainName" time="29.449" classname="com.fbistech.testcases.LoginPageTest"/>
  <system-out/>
</testsuite> <!-- com.fbistech.testcases.LoginPageTest -->
