<?xml version="1.0" encoding="UTF-8"?>
<!-- Generated by org.testng.reporters.JUnitReportReporter -->
<testsuite skipped="5" hostname="Josephs-MacBoo.local" name="com.fbistech.testcases.SponsorPageTest" tests="6" failures="0" timestamp="2021-01-21T22:16:49 WAT" time="0.021" errors="1">
  <testcase name="setUp" time="0.021" classname="com.fbistech.testcases.SponsorPageTest">
    <error type="java.lang.NullPointerException">
      <![CDATA[java.lang.NullPointerException
at org.openqa.selenium.support.events.EventFiringWebDriver.extractInterfaces(EventFiringWebDriver.java:120)
at org.openqa.selenium.support.events.EventFiringWebDriver.<init>(EventFiringWebDriver.java:94)
at com.fbistech.base.TestBase.initialization(TestBase.java:71)
at com.fbistech.testcases.SponsorPageTest.setUp(SponsorPageTest.java:25)
at sun.reflect.NativeMethodAccessorImpl.invoke0(Native Method)
at sun.reflect.NativeMethodAccessorImpl.invoke(NativeMethodAccessorImpl.java:62)
at sun.reflect.DelegatingMethodAccessorImpl.invoke(DelegatingMethodAccessorImpl.java:43)
at java.lang.reflect.Method.invoke(Method.java:498)
at org.testng.internal.MethodInvocationHelper.invokeMethod(MethodInvocationHelper.java:135)
at org.testng.internal.MethodInvocationHelper.invokeMethodConsideringTimeout(MethodInvocationHelper.java:64)
at org.testng.internal.ConfigInvoker.invokeConfigurationMethod(ConfigInvoker.java:364)
at org.testng.internal.ConfigInvoker.invokeConfigurations(ConfigInvoker.java:318)
at org.testng.internal.TestInvoker.runConfigMethods(TestInvoker.java:700)
at org.testng.internal.TestInvoker.invokeMethod(TestInvoker.java:527)
at org.testng.internal.TestInvoker.invokeTestMethod(TestInvoker.java:174)
at org.testng.internal.MethodRunner.runInSequence(MethodRunner.java:46)
at org.testng.internal.TestInvoker$MethodInvocationAgent.invoke(TestInvoker.java:821)
at org.testng.internal.TestInvoker.invokeTestMethods(TestInvoker.java:147)
at org.testng.internal.TestMethodWorker.invokeTestMethods(TestMethodWorker.java:146)
at org.testng.internal.TestMethodWorker.run(TestMethodWorker.java:128)
at java.util.ArrayList.forEach(ArrayList.java:1257)
at org.testng.TestRunner.privateRun(TestRunner.java:767)
at org.testng.TestRunner.run(TestRunner.java:588)
at org.testng.SuiteRunner.runTest(SuiteRunner.java:384)
at org.testng.SuiteRunner.runSequentially(SuiteRunner.java:378)
at org.testng.SuiteRunner.privateRun(SuiteRunner.java:337)
at org.testng.SuiteRunner.run(SuiteRunner.java:286)
at org.testng.SuiteRunnerWorker.runSuite(SuiteRunnerWorker.java:53)
at org.testng.SuiteRunnerWorker.run(SuiteRunnerWorker.java:96)
at org.testng.TestNG.runSuitesSequentially(TestNG.java:1214)
at org.testng.TestNG.runSuitesLocally(TestNG.java:1136)
at org.testng.TestNG.runSuites(TestNG.java:1066)
at org.testng.TestNG.run(TestNG.java:1034)
at org.testng.remote.AbstractRemoteTestNG.run(AbstractRemoteTestNG.java:115)
at org.testng.remote.RemoteTestNG.initAndRun(RemoteTestNG.java:251)
at org.testng.remote.RemoteTestNG.main(RemoteTestNG.java:77)
]]>
    </error>
  </testcase> <!-- setUp -->
  <system-out/>
  <testcase name="verifyUserCanClickSponsorLink" time="0.000" classname="com.fbistech.testcases.SponsorPageTest">
    <skipped/>
  </testcase> <!-- verifyUserCanClickSponsorLink -->
  <system-out/>
  <testcase name="verifyUserCanClickOnSporsorFormBtn" time="0.000" classname="com.fbistech.testcases.SponsorPageTest">
    <skipped/>
  </testcase> <!-- verifyUserCanClickOnSporsorFormBtn -->
  <system-out/>
  <testcase name="verifyUserCanFillSponsorForm" time="0.000" classname="com.fbistech.testcases.SponsorPageTest">
    <skipped/>
  </testcase> <!-- verifyUserCanFillSponsorForm -->
  <system-out/>
  <testcase name="verifyCountryDropdownValue" time="0.000" classname="com.fbistech.testcases.SponsorPageTest">
    <skipped/>
  </testcase> <!-- verifyCountryDropdownValue -->
  <system-out/>
  <testcase name="verifyCityDropdownValue" time="0.000" classname="com.fbistech.testcases.SponsorPageTest">
    <skipped/>
  </testcase> <!-- verifyCityDropdownValue -->
  <system-out/>
</testsuite> <!-- com.fbistech.testcases.SponsorPageTest -->
