<?xml version="1.0" encoding="UTF-8"?>
<!-- Generated by org.testng.reporters.JUnitReportReporter -->
<testsuite skipped="0" hostname="Josephs-MacBoo.local" name="com.fbistech.testcases.SubscribePageTest" tests="1" failures="0" timestamp="2021-01-21T20:47:52 WAT" time="13.950" errors="0">
  <testcase name="verifyUserCanClickSubscribeLink" time="13.950" classname="com.fbistech.testcases.SubscribePageTest"/>
  <system-out/>
</testsuite> <!-- com.fbistech.testcases.SubscribePageTest -->
