<?xml version="1.0" encoding="UTF-8"?>
<!-- Generated by org.testng.reporters.JUnitReportReporter -->
<testsuite skipped="0" hostname="Josephs-MacBoo.local" name="com.fbistech.testcases.CompanyPageTest" tests="1" failures="0" timestamp="2021-01-25T15:25:39 WAT" time="22.241" errors="0">
  <testcase name="verifyUserCanClickCompanyLink" time="22.241" classname="com.fbistech.testcases.CompanyPageTest"/>
  <system-out/>
</testsuite> <!-- com.fbistech.testcases.CompanyPageTest -->
