<?xml version="1.0" encoding="UTF-8"?>
<!-- Generated by org.testng.reporters.JUnitReportReporter -->
<testsuite skipped="0" hostname="Josephs-MacBoo.local" name="com.fbistech.testcases.TutorPageTest" tests="2" failures="0" timestamp="2021-01-21T20:47:52 WAT" time="21.294" errors="0">
  <testcase name="verifyUserCanClickSponsorLink" time="8.462" classname="com.fbistech.testcases.TutorPageTest"/>
  <system-out/>
  <testcase name="verifyUserCanFillTutorForm" time="12.832" classname="com.fbistech.testcases.TutorPageTest"/>
  <system-out/>
</testsuite> <!-- com.fbistech.testcases.TutorPageTest -->
