<?xml version="1.0" encoding="UTF-8"?>
<!-- Generated by org.testng.reporters.JUnitReportReporter -->
<testsuite skipped="0" hostname="Josephs-MacBoo.local" name="com.fbistech.testcases.HomePageTest" tests="1" failures="0" timestamp="2021-10-12T08:49:06 WAT" time="27.103" errors="0">
  <testcase name="verifyUserCanClickOnContactUsLinks" time="27.103" classname="com.fbistech.testcases.HomePageTest"/>
  <system-out/>
</testsuite> <!-- com.fbistech.testcases.HomePageTest -->
