<?xml version="1.0" encoding="UTF-8"?>
<!-- Generated by org.testng.reporters.JUnitReportReporter -->
<testsuite skipped="0" hostname="Josephs-MacBoo.local" name="com.fbistech.testcases.School_OrganizationPageTest" tests="3" failures="0" timestamp="2021-02-03T00:24:07 WAT" time="33.369" errors="0">
  <testcase name="verifyUserCanClickSponsorLink" time="7.866" classname="com.fbistech.testcases.School_OrganizationPageTest"/>
  <system-out/>
  <testcase name="verifyUserCanClickOnSchoolFormBtn" time="11.840" classname="com.fbistech.testcases.School_OrganizationPageTest"/>
  <system-out/>
  <testcase name="verifyUserCanFillSponsorForm" time="13.663" classname="com.fbistech.testcases.School_OrganizationPageTest"/>
  <system-out/>
</testsuite> <!-- com.fbistech.testcases.School_OrganizationPageTest -->
