<?xml version="1.0" encoding="UTF-8"?>
<!-- Generated by org.testng.reporters.JUnitReportReporter -->
<testsuite skipped="0" hostname="Josephs-MacBoo.local" name="com.fbistech.testcases.SubscribePageTest" tests="1" failures="0" timestamp="2021-01-25T15:25:39 WAT" time="23.832" errors="0">
  <testcase name="verifyUserCanClickSubscribeLink" time="23.832" classname="com.fbistech.testcases.SubscribePageTest"/>
  <system-out/>
</testsuite> <!-- com.fbistech.testcases.SubscribePageTest -->
